<?xml version="1.0" encoding="UTF-8"?>
<!-- Generated by org.testng.reporters.JUnitReportReporter -->
<testsuite hostname="DIANCHAO-7559" name="testNG_test.SimpleTest" tests="6" failures="0" timestamp="8 Apr 2019 12:58:42 GMT" time="0.010" errors="0">
  <testcase name="verifyUser" time="0.001" classname="testNG_test.SimpleTest"/>
  <testcase name="aFastTest" time="0.001" classname="testNG_test.SimpleTest"/>
  <testcase name="verifyUser" time="0.001" classname="testNG_test.SimpleTest"/>
  <testcase name="TestNgLearn" time="0.005" classname="testNG_test.SimpleTest"/>
  <testcase name="verifyUser" time="0.001" classname="testNG_test.SimpleTest"/>
  <testcase name="aSlowTest" time="0.001" classname="testNG_test.SimpleTest"/>
</testsuite> <!-- testNG_test.SimpleTest -->
